FuncPoly/build/outputs/logs/manifest-merger-debug-report.txt
-- Merging decision tree log ---
manifest
ADDED from PhysicsAndroid/FuncPoly/AndroidManifest.xml:1:1-27:12
	package
		ADDED from PhysicsAndroid/FuncPoly/AndroidManifest.xml:2:5-43
	android:versionName
		ADDED from PhysicsAndroid/FuncPoly/AndroidManifest.xml:4:5-30
		INJECTED from PhysicsAndroid/FuncPoly/AndroidManifest.xml
		INJECTED from PhysicsAndroid/FuncPoly/AndroidManifest.xml
	android:versionCode
		ADDED from PhysicsAndroid/FuncPoly/AndroidManifest.xml:3:5-28
		INJECTED from PhysicsAndroid/FuncPoly/AndroidManifest.xml
		INJECTED from PhysicsAndroid/FuncPoly/AndroidManifest.xml
	xmlns:android
		ADDED from PhysicsAndroid/FuncPoly/AndroidManifest.xml:1:11-69
uses-sdk
ADDED from PhysicsAndroid/FuncPoly/AndroidManifest.xml:6:5-8:40
	android:targetSdkVersion
		ADDED from PhysicsAndroid/FuncPoly/AndroidManifest.xml:8:9-37
	android:minSdkVersion
		ADDED from PhysicsAndroid/FuncPoly/AndroidManifest.xml:7:9-34
application
ADDED from PhysicsAndroid/FuncPoly/AndroidManifest.xml:10:5-25:19
	android:label
		ADDED from PhysicsAndroid/FuncPoly/AndroidManifest.xml:13:9-41
	android:allowBackup
		ADDED from PhysicsAndroid/FuncPoly/AndroidManifest.xml:11:9-35
	android:icon
		ADDED from PhysicsAndroid/FuncPoly/AndroidManifest.xml:12:9-45
	android:theme
		ADDED from PhysicsAndroid/FuncPoly/AndroidManifest.xml:14:9-40
activity#jp.ac.u_ryukyu.phys.funcpoly.MainActivity
ADDED from PhysicsAndroid/FuncPoly/AndroidManifest.xml:15:10-24:20
	android:screenOrientation
		ADDED from PhysicsAndroid/FuncPoly/AndroidManifest.xml:18:13-49
	android:label
		ADDED from PhysicsAndroid/FuncPoly/AndroidManifest.xml:17:13-45
	android:name
		ADDED from PhysicsAndroid/FuncPoly/AndroidManifest.xml:16:13-69
intent-filter#android.intent.action.MAIN+android.intent.category.LAUNCHER
ADDED from PhysicsAndroid/FuncPoly/AndroidManifest.xml:19:13-23:29
action#android.intent.action.MAIN
ADDED from PhysicsAndroid/FuncPoly/AndroidManifest.xml:20:17-69
	android:name
		ADDED from PhysicsAndroid/FuncPoly/AndroidManifest.xml:20:25-66
category#android.intent.category.LAUNCHER
ADDED from PhysicsAndroid/FuncPoly/AndroidManifest.xml:22:17-77
	android:name
		ADDED from PhysicsAndroid/FuncPoly/AndroidManifest.xml:22:27-74